<?xml version="1.0" encoding="UTF-8"?>
<testsuite xmlns:xsi="http://www.w3.org/2001/XMLSchema-instance" xsi:noNamespaceSchemaLocation="https://maven.apache.org/surefire/maven-surefire-plugin/xsd/surefire-test-report-3.0.xsd" version="3.0" name="com.warrior.demo.GrpcClientModuleApplicationTests" time="4.574" tests="1" errors="0" skipped="0" failures="0">
  <properties>
[...]
</properties>
  <testcase name="contextLoads" classname="com.warrior.demo.GrpcClientModuleApplicationTests" time="0.982">
    <system-out><![CDATA[21:18:15.349 [main] INFO org.springframework.test.context.support.AnnotationConfigContextLoaderUtils -- Could not detect default configuration classes for test class [com.warrior.demo.GrpcClientModuleApplicationTests]: GrpcClientModuleApplicationTests does not declare any static, non-private, non-final, nested classes annotated with @Configuration.
21:18:15.595 [main] INFO org.springframework.boot.test.context.SpringBootTestContextBootstrapper -- Found @SpringBootConfiguration com.warrior.demo.GrpcClientModuleApplication for test class com.warrior.demo.GrpcClientModuleApplicationTests

  .   ____          _            __ _ _
 /\\ / ___'_ __ _ _(_)_ __  __ _ \ \ \ \
( ( )\___ | '_ | '_| | '_ \/ _` | \ \ \ \
 \\/  ___)| |_)| | | | | || (_| |  ) ) ) )
  '  |____| .__|_| |_|_| |_\__, | / / / /
 =========|_|==============|___/=/_/_/_/
 :: Spring Boot ::                (v3.1.5)

2023-11-22T21:18:16.176Z  INFO 10287 --- [           main] c.w.d.GrpcClientModuleApplicationTests   : Starting GrpcClientModuleApplicationTests using Java 17.0.9 with PID 10287 (started by codespace in /workspaces/grpc-rest-api)
2023-11-22T21:18:16.179Z  INFO 10287 --- [           main] c.w.d.GrpcClientModuleApplicationTests   : No active profile set, falling back to 1 default profile: "default"
2023-11-22T21:18:18.081Z  INFO 10287 --- [           main] g.s.a.GrpcServerFactoryAutoConfiguration : Detected grpc-netty-shaded: Creating ShadedNettyGrpcServerFactory
2023-11-22T21:18:18.433Z  INFO 10287 --- [           main] n.d.b.g.s.s.AbstractGrpcServerFactory    : Registered gRPC service: com.warrior.demo.grpc.DuesService, bean: grpcController, class: com.warrior.demo.controller.GrpcController
2023-11-22T21:18:18.434Z  INFO 10287 --- [           main] n.d.b.g.s.s.AbstractGrpcServerFactory    : Registered gRPC service: grpc.health.v1.Health, bean: grpcHealthService, class: io.grpc.protobuf.services.HealthServiceImpl
2023-11-22T21:18:18.434Z  INFO 10287 --- [           main] n.d.b.g.s.s.AbstractGrpcServerFactory    : Registered gRPC service: grpc.reflection.v1alpha.ServerReflection, bean: protoReflectionService, class: io.grpc.protobuf.services.ProtoReflectionService
2023-11-22T21:18:18.534Z  INFO 10287 --- [           main] n.d.b.g.s.s.GrpcServerLifecycle          : gRPC Server started, listening on address: *, port: 8081
2023-11-22T21:18:18.556Z  INFO 10287 --- [           main] c.w.d.GrpcClientModuleApplicationTests   : Started GrpcClientModuleApplicationTests in 2.752 seconds (process running for 5.003)
]]></system-out>
  </testcase>
</testsuite>